2023-09-07 01:18:03,145 - app - ERROR - Произошла ошибка: name 'process_user_answer' is not defined
2023-09-07 01:18:14,623 - app - ERROR - Произошла ошибка: name 'generate_question_and_speak' is not defined
2023-09-11 01:11:58,537 - app - ERROR - Произошла ошибка: 'enumerate' is undefined
2023-09-11 01:50:35,410 - app - ERROR - Произошла ошибка: генерировать_вопрос_и_озвучивать() missing 1 required positional argument: 'current_question'
2023-09-11 23:43:12,480 - app - ERROR - Произошла ошибка: 'flask.sessions.SecureCookieSession object' has no attribute 'current_question'
2023-09-11 23:48:24,727 - app - ERROR - Произошла ошибка: 'flask.sessions.SecureCookieSession object' has no attribute 'current_question'
2023-09-11 23:50:53,274 - app - ERROR - Произошла ошибка: 'flask.sessions.SecureCookieSession object' has no attribute 'current_question'
2023-09-11 23:53:44,597 - app - ERROR - Произошла ошибка: 'flask.sessions.SecureCookieSession object' has no attribute 'current_question'
2023-09-11 23:56:44,114 - app - ERROR - Произошла ошибка: 'flask.sessions.SecureCookieSession object' has no attribute 'current_question'
2023-09-11 23:59:02,132 - app - ERROR - Произошла ошибка: 'flask.sessions.SecureCookieSession object' has no attribute 'current_question'
2023-09-12 00:04:50,941 - app - ERROR - Произошла ошибка: 'flask.sessions.SecureCookieSession object' has no attribute 'current_question'
2023-09-12 00:06:28,739 - app - ERROR - Произошла ошибка: 'flask.sessions.SecureCookieSession object' has no attribute 'current_question'
2023-09-12 00:07:49,943 - app - ERROR - Произошла ошибка: 'flask.sessions.SecureCookieSession object' has no attribute 'current_question'
2023-09-13 13:53:13,232 - app - ERROR - Произошла ошибка: 'flask.sessions.SecureCookieSession object' has no attribute 'current_question'
2023-09-13 13:53:23,936 - app - ERROR - Произошла ошибка: 'flask.sessions.SecureCookieSession object' has no attribute 'current_question'
2023-09-13 13:53:58,230 - app - ERROR - Произошла ошибка: генерировать_вопрос_и_озвучивать() missing 1 required positional argument: 'current_question'
2023-09-13 13:54:26,981 - app - ERROR - Произошла ошибка: генерировать_вопрос_и_озвучивать() missing 1 required positional argument: 'current_question'
2023-09-13 13:54:34,743 - app - ERROR - Произошла ошибка: генерировать_вопрос_и_озвучивать() missing 1 required positional argument: 'current_question'
2023-09-13 13:55:55,509 - app - ERROR - Произошла ошибка: 'flask.sessions.SecureCookieSession object' has no attribute 'current_question'
2023-09-13 14:30:18,769 - app - ERROR - Произошла ошибка: генерировать_вопрос_и_озвучивать() missing 1 required positional argument: 'current_question'
2023-09-13 14:36:37,675 - app - ERROR - Произошла ошибка: 'flask.sessions.SecureCookieSession object' has no attribute 'current_question'
2023-09-13 14:54:32,119 - app - ERROR - Произошла ошибка: quiz_completed.html
